<?xml version="1.0" encoding="UTF-8"?>
<!-- Generated by org.testng.reporters.JUnitXMLReporter -->
<testsuite ignored="0" hostname="KomalMane" failures="1" tests="1" name="Firefox" time="0.032" errors="0" timestamp="2023-11-30T12:32:35 IST">
  <testcase classname="testNGExecutionPackage.SelectTest" name="selectTestMethod" time="0.0">
    <failure type="org.testng.TestNGException" message="
Parameter &amp;apos;Username&amp;apos; is required by @Test on method selectTestMethod but has not been marked @Optional or defined
in C:\Users\manes\OneDrive\Desktop\Seleniumdata\wcsm9Repository-main\wcsm9automationproject\selectTest.xml">
      <![CDATA[org.testng.TestNGException: 
Parameter 'Username' is required by @Test on method selectTestMethod but has not been marked @Optional or defined
in C:\Users\manes\OneDrive\Desktop\Seleniumdata\wcsm9Repository-main\wcsm9automationproject\selectTest.xml
at java.base/java.util.ArrayList.forEach(ArrayList.java:1511)
... Removed 26 stack frames]]>
    </failure>
  </testcase> <!-- selectTestMethod -->
</testsuite> <!-- Firefox -->
